<?xml version="1.0" encoding="UTF-8"?>
<!-- Generated by org.testng.reporters.JUnitReportReporter -->
<testsuite skipped="0" hostname="DESKTOP-VTBT3RG" name="TestCase.SearchTestcase" tests="6" failures="0" timestamp="2023-09-05T08:54:50 IST" time="62.665" errors="0">
  <testcase name="SearchWithValidValues" time="11.037" classname="TestCase.SearchTestcase"/>
  <system-out/>
  <testcase name="SearchWithValidValues" time="13.656" classname="TestCase.SearchTestcase"/>
  <system-out/>
  <testcase name="SearchWithValidValues" time="20.451" classname="TestCase.SearchTestcase"/>
  <system-out/>
  <testcase name="SearchWithSameCity" time="5.745" classname="TestCase.SearchTestcase"/>
  <system-out/>
  <testcase name="SearchWithSameCity" time="6.092" classname="TestCase.SearchTestcase"/>
  <system-out/>
  <testcase name="SearchWithSameCity" time="5.684" classname="TestCase.SearchTestcase"/>
  <system-out/>
</testsuite> <!-- TestCase.SearchTestcase -->
