<?xml version="1.0" encoding="UTF-8"?>
<!-- Generated by org.testng.reporters.JUnitReportReporter -->
<testsuite skipped="0" hostname="DESKTOP-VTBT3RG" name="TestCase.SearchTestcase" tests="2" failures="0" timestamp="2023-08-31T08:52:45 IST" time="22.871" errors="0">
  <testcase name="SearchWithValidValues" time="14.667" classname="TestCase.SearchTestcase"/>
  <system-out/>
  <testcase name="SearchWithSameCity" time="8.204" classname="TestCase.SearchTestcase"/>
  <system-out/>
</testsuite> <!-- TestCase.SearchTestcase -->
