<?xml version="1.0" encoding="UTF-8"?>
<!-- Generated by org.testng.reporters.JUnitReportReporter -->
<testsuite skipped="0" hostname="DESKTOP-VTBT3RG" name="TestCase.SearchTestcase" tests="1" failures="0" timestamp="2023-08-30T08:56:25 IST" time="0.004" errors="0">
  <testcase name="SearchWithValidValues" time="0.004" classname="TestCase.SearchTestcase"/>
  <system-out/>
</testsuite> <!-- TestCase.SearchTestcase -->
