<?xml version="1.0" encoding="UTF-8"?>
<!-- Generated by org.testng.reporters.JUnitReportReporter -->
<testsuite skipped="0" hostname="DESKTOP-VTBT3RG" name="testNgAnnotations.FristClass" tests="4" failures="0" timestamp="2023-08-29T08:40:44 IST" time="0.015" errors="0">
  <testcase name="Testcase1" time="0.005" classname="testNgAnnotations.FristClass"/>
  <system-out/>
  <testcase name="Testcase3" time="0.004" classname="testNgAnnotations.FristClass"/>
  <system-out/>
  <testcase name="Testcase2" time="0.003" classname="testNgAnnotations.FristClass"/>
  <system-out/>
  <testcase name="Testcase4" time="0.003" classname="testNgAnnotations.FristClass"/>
  <system-out/>
</testsuite> <!-- testNgAnnotations.FristClass -->
