<?xml version="1.0" encoding="UTF-8"?>
<!-- Generated by org.testng.reporters.JUnitReportReporter -->
<testsuite skipped="0" hostname="DESKTOP-VTBT3RG" name="testNgAnnotations.SecondClass" tests="2" failures="0" timestamp="2023-08-29T08:40:44 IST" time="0.006" errors="0">
  <testcase name="Testcase6" time="0.002" classname="testNgAnnotations.SecondClass"/>
  <system-out/>
  <testcase name="Testcase5" time="0.004" classname="testNgAnnotations.SecondClass"/>
  <system-out/>
</testsuite> <!-- testNgAnnotations.SecondClass -->
