<?xml version="1.0" encoding="UTF-8"?>
<!-- Generated by org.testng.reporters.JUnitReportReporter -->
<testsuite skipped="0" hostname="DESKTOP-VTBT3RG" name="TestCase.SearchTestcase" tests="6" failures="0" timestamp="2023-09-05T09:03:27 IST" time="64.086" errors="0">
  <testcase name="SearchWithValidValues" time="21.085" classname="TestCase.SearchTestcase"/>
  <system-out/>
  <testcase name="SearchWithValidValues" time="13.466" classname="TestCase.SearchTestcase"/>
  <system-out/>
  <testcase name="SearchWithValidValues" time="12.005" classname="TestCase.SearchTestcase"/>
  <system-out/>
  <testcase name="SearchWithSameCity" time="5.755" classname="TestCase.SearchTestcase"/>
  <system-out/>
  <testcase name="SearchWithSameCity" time="5.766" classname="TestCase.SearchTestcase"/>
  <system-out/>
  <testcase name="SearchWithSameCity" time="6.009" classname="TestCase.SearchTestcase"/>
  <system-out/>
</testsuite> <!-- TestCase.SearchTestcase -->
